Collecting git+https://github.com/jaraco/path.git
  Cloning https://github.com/jaraco/path.git to /tmp/pip-req-build-4s2_4n4i
  Resolved https://github.com/jaraco/path.git to commit e03580edf6cfec719890599010e0b164d06af50f
  Installing build dependencies: started
  Installing build dependencies: finished with status 'done'
  Getting requirements to build wheel: started
  Getting requirements to build wheel: finished with status 'done'
  Preparing metadata (pyproject.toml): started
  Preparing metadata (pyproject.toml): finished with status 'done'
Building wheels for collected packages: path
  Building wheel for path (pyproject.toml): started
  Building wheel for path (pyproject.toml): finished with status 'done'
  Created wheel for path: filename=path-17.0.0-py3-none-any.whl size=24831 sha256=29efcb0e78b7235e5429a0dc34ce876561aafd8d3789682bd2c0c10979371c7c
  Stored in directory: /tmp/pip-ephem-wheel-cache-zlxfqsh2/wheels/05/97/77/84a6ccf4f5f41dfcbbeb29075fa06cf285990f754500f88e62
Successfully built path
Installing collected packages: path
  Attempting uninstall: path
    Found existing installation: path 17.0.0
    Uninstalling path-17.0.0:
      Successfully uninstalled path-17.0.0
Successfully installed path-17.0.0
